Determining if the pthread_create exist failed with the following output:
Change Dir: /home/nhamtung/TungNV/MyKitAgv/catkin_ws/build/CMakeFiles/CMakeTmp

Run Build Command:"/usr/bin/make" "cmTC_54272/fast"
/usr/bin/make -f CMakeFiles/cmTC_54272.dir/build.make CMakeFiles/cmTC_54272.dir/build
make[1]: Entering directory '/home/nhamtung/TungNV/MyKitAgv/catkin_ws/build/CMakeFiles/CMakeTmp'
Building C object CMakeFiles/cmTC_54272.dir/CheckSymbolExists.c.o
/usr/bin/cc    -o CMakeFiles/cmTC_54272.dir/CheckSymbolExists.c.o   -c /home/nhamtung/TungNV/MyKitAgv/catkin_ws/build/CMakeFiles/CMakeTmp/CheckSymbolExists.c
Linking C executable cmTC_54272
/usr/bin/cmake -E cmake_link_script CMakeFiles/cmTC_54272.dir/link.txt --verbose=1
/usr/bin/cc      -rdynamic CMakeFiles/cmTC_54272.dir/CheckSymbolExists.c.o  -o cmTC_54272 
CMakeFiles/cmTC_54272.dir/CheckSymbolExists.c.o: In function `main':
CheckSymbolExists.c:(.text+0x1b): undefined reference to `pthread_create'
collect2: error: ld returned 1 exit status
CMakeFiles/cmTC_54272.dir/build.make:97: recipe for target 'cmTC_54272' failed
make[1]: *** [cmTC_54272] Error 1
make[1]: Leaving directory '/home/nhamtung/TungNV/MyKitAgv/catkin_ws/build/CMakeFiles/CMakeTmp'
Makefile:126: recipe for target 'cmTC_54272/fast' failed
make: *** [cmTC_54272/fast] Error 2

File /home/nhamtung/TungNV/MyKitAgv/catkin_ws/build/CMakeFiles/CMakeTmp/CheckSymbolExists.c:
/* */
#include <pthread.h>

int main(int argc, char** argv)
{
  (void)argv;
#ifndef pthread_create
  return ((int*)(&pthread_create))[argc];
#else
  (void)argc;
  return 0;
#endif
}

Determining if the function pthread_create exists in the pthreads failed with the following output:
Change Dir: /home/nhamtung/TungNV/MyKitAgv/catkin_ws/build/CMakeFiles/CMakeTmp

Run Build Command:"/usr/bin/make" "cmTC_6ca6c/fast"
/usr/bin/make -f CMakeFiles/cmTC_6ca6c.dir/build.make CMakeFiles/cmTC_6ca6c.dir/build
make[1]: Entering directory '/home/nhamtung/TungNV/MyKitAgv/catkin_ws/build/CMakeFiles/CMakeTmp'
Building C object CMakeFiles/cmTC_6ca6c.dir/CheckFunctionExists.c.o
/usr/bin/cc   -DCHECK_FUNCTION_EXISTS=pthread_create   -o CMakeFiles/cmTC_6ca6c.dir/CheckFunctionExists.c.o   -c /usr/share/cmake-3.10/Modules/CheckFunctionExists.c
Linking C executable cmTC_6ca6c
/usr/bin/cmake -E cmake_link_script CMakeFiles/cmTC_6ca6c.dir/link.txt --verbose=1
/usr/bin/cc  -DCHECK_FUNCTION_EXISTS=pthread_create    -rdynamic CMakeFiles/cmTC_6ca6c.dir/CheckFunctionExists.c.o  -o cmTC_6ca6c -lpthreads 
/usr/bin/ld: cannot find -lpthreads
collect2: error: ld returned 1 exit status
CMakeFiles/cmTC_6ca6c.dir/build.make:97: recipe for target 'cmTC_6ca6c' failed
make[1]: *** [cmTC_6ca6c] Error 1
make[1]: Leaving directory '/home/nhamtung/TungNV/MyKitAgv/catkin_ws/build/CMakeFiles/CMakeTmp'
Makefile:126: recipe for target 'cmTC_6ca6c/fast' failed
make: *** [cmTC_6ca6c/fast] Error 2


Determining if the include file pgm.h exists failed with the following output:
Change Dir: /home/nhamtung/TungNV/MyKitAgv/catkin_ws/build/CMakeFiles/CMakeTmp

Run Build Command:"/usr/bin/make" "cmTC_07ad9/fast"
/usr/bin/make -f CMakeFiles/cmTC_07ad9.dir/build.make CMakeFiles/cmTC_07ad9.dir/build
make[1]: Entering directory '/home/nhamtung/TungNV/MyKitAgv/catkin_ws/build/CMakeFiles/CMakeTmp'
Building CXX object CMakeFiles/cmTC_07ad9.dir/CheckIncludeFile.cxx.o
/usr/bin/c++     -o CMakeFiles/cmTC_07ad9.dir/CheckIncludeFile.cxx.o -c /home/nhamtung/TungNV/MyKitAgv/catkin_ws/build/CMakeFiles/CMakeTmp/CheckIncludeFile.cxx
/home/nhamtung/TungNV/MyKitAgv/catkin_ws/build/CMakeFiles/CMakeTmp/CheckIncludeFile.cxx:1:10: fatal error: pgm.h: No such file or directory
 #include <pgm.h>
          ^~~~~~~
compilation terminated.
CMakeFiles/cmTC_07ad9.dir/build.make:65: recipe for target 'CMakeFiles/cmTC_07ad9.dir/CheckIncludeFile.cxx.o' failed
make[1]: *** [CMakeFiles/cmTC_07ad9.dir/CheckIncludeFile.cxx.o] Error 1
make[1]: Leaving directory '/home/nhamtung/TungNV/MyKitAgv/catkin_ws/build/CMakeFiles/CMakeTmp'
Makefile:126: recipe for target 'cmTC_07ad9/fast' failed
make: *** [cmTC_07ad9/fast] Error 2


